#
# A fatal error has been detected by the Java Runtime Environment:
#
#  Internal Error (t:/workspace/open/src/hotspot/share/oops/generateOopMap.cpp:2164), pid=2080, tid=19880
#  fatal error: Illegal class file encountered. Try running with -Xverify:all in method testIsZero
#
# JRE version: Java(TM) SE Runtime Environment (12.0.2+10) (build 12.0.2+10)
# Java VM: Java HotSpot(TM) 64-Bit Server VM (12.0.2+10, mixed mode, sharing, tiered, compressed oops, g1 gc, windows-amd64)
# No core dump will be written. Minidumps are not enabled by default on client versions of Windows
#
# If you would like to submit a bug report, please visit:
#   http://bugreport.java.com/bugreport/crash.jsp
#

---------------  S U M M A R Y ------------

Command Line: -agentlib:jdwp=transport=dt_socket,suspend=y,address=localhost:52752 -ea -javaagent:C:\Users\dovie\eclipse\committers-2019-06\eclipse\configuration\org.eclipse.osgi\242\0\.cp\lib\javaagent-shaded.jar -Dfile.encoding=UTF-8 org.eclipse.jdt.internal.junit.runner.RemoteTestRunner -version 3 -port 52751 -testLoaderClass org.eclipse.jdt.internal.junit5.runner.JUnit5TestLoader -loaderpluginname org.eclipse.jdt.junit5.runtime -test tests.PolynomTest:testIsZero

Host: Intel(R) Core(TM) i7-9750H CPU @ 2.60GHz, 12 cores, 15G,  Windows 10 , 64 bit Build 17763 (10.0.17763.292)
Time: Wed Nov 13 21:50:38 2019 Jerusalem Standard Time elapsed time: 24576 seconds (0d 6h 49m 36s)

---------------  T H R E A D  ---------------

Current thread (0x0000029cffa0d800):  VMThread "VM Thread" [stack: 0x000000afdba00000,0x000000afdbb00000] [id=19880]

Stack: [0x000000afdba00000,0x000000afdbb00000]
[error occurred during error reporting (printing stack bounds), id 0xc0000005, EXCEPTION_ACCESS_VIOLATION (0xc0000005) at pc=0x0000029c80000bad]

Native frames: (J=compiled Java code, j=interpreted, Vv=VM code, C=native code)
V  [jvm.dll+0x63aa2a]
V  [jvm.dll+0x78ce1e]
V  [jvm.dll+0x78e4c1]
V  [jvm.dll+0x78ea75]
V  [jvm.dll+0x78ea2b]
V  [jvm.dll+0x63a134]
V  [jvm.dll+0x63a4f8]
C  [ntdll.dll+0xa468f]
C  [ntdll.dll+0x4bef]
C  [ntdll.dll+0xa33fe]
C  0x0000029c80000bad

VM_Operation (0x000000afdc4ff530): GetOrSetLocal, mode: safepoint, requested by thread 0x0000029cffc7a000


---------------  P R O C E S S  ---------------

Threads class SMR info:
_java_thread_list=0x0000029c9794b6e0, length=14, elements={
0x0000029cf227d800, 0x0000029cffa10800, 0x0000029cffa12000, 0x0000029cffa26000,
0x0000029cffa27000, 0x0000029cffa2a800, 0x0000029cffa31000, 0x0000029cffa5b800,
0x0000029cfea05800, 0x0000029cffc7a000, 0x0000029cffc2b800, 0x0000029cffbff000,
0x0000029c9739d000, 0x0000029c977f8000
}

Java Threads: ( => current thread )
  0x0000029cf227d800 JavaThread "main" [_thread_blocked, id=2568, stack(0x000000afdb400000,0x000000afdb500000)]
  0x0000029cffa10800 JavaThread "Reference Handler" daemon [_thread_blocked, id=18608, stack(0x000000afdbb00000,0x000000afdbc00000)]
  0x0000029cffa12000 JavaThread "Finalizer" daemon [_thread_blocked, id=23244, stack(0x000000afdbc00000,0x000000afdbd00000)]
  0x0000029cffa26000 JavaThread "Signal Dispatcher" daemon [_thread_blocked, id=24532, stack(0x000000afdbd00000,0x000000afdbe00000)]
  0x0000029cffa27000 JavaThread "Attach Listener" daemon [_thread_blocked, id=10600, stack(0x000000afdbe00000,0x000000afdbf00000)]
  0x0000029cffa2a800 JavaThread "C2 CompilerThread0" daemon [_thread_blocked, id=21016, stack(0x000000afdbf00000,0x000000afdc000000)]
  0x0000029cffa31000 JavaThread "C1 CompilerThread0" daemon [_thread_blocked, id=14036, stack(0x000000afdc000000,0x000000afdc100000)]
  0x0000029cffa5b800 JavaThread "Sweeper thread" daemon [_thread_blocked, id=13944, stack(0x000000afdc100000,0x000000afdc200000)]
  0x0000029cfea05800 JavaThread "Common-Cleaner" daemon [_thread_blocked, id=18876, stack(0x000000afdc200000,0x000000afdc300000)]
  0x0000029cffc7a000 JavaThread "JDWP Transport Listener: dt_socket" daemon [_thread_blocked, id=2444, stack(0x000000afdc400000,0x000000afdc500000)] _threads_hazard_ptr=0x0000029c9794b6e0
  0x0000029cffc2b800 JavaThread "JDWP Event Helper Thread" daemon [_thread_blocked, id=23832, stack(0x000000afdc500000,0x000000afdc600000)]
  0x0000029cffbff000 JavaThread "JDWP Command Reader" daemon [_thread_in_native, id=15540, stack(0x000000afdc600000,0x000000afdc700000)]
  0x0000029c9739d000 JavaThread "Service Thread" daemon [_thread_blocked, id=13180, stack(0x000000afdc700000,0x000000afdc800000)]
  0x0000029c977f8000 JavaThread "ReaderThread" [_thread_in_native, id=23468, stack(0x000000afdc900000,0x000000afdca00000)]

Other Threads:
=>0x0000029cffa0d800 VMThread "VM Thread" [stack: 0x000000afdba00000,0x000000afdbb00000] [id=19880]
  0x0000029c97307000 WatcherThread [stack: 0x000000afdc800000,0x000000afdc900000] [id=24404]
  0x0000029cf22e2000 GCTaskThread "GC Thread#0" [stack: 0x000000afdb500000,0x000000afdb600000] [id=20772]
  0x0000029c97487000 GCTaskThread "GC Thread#1" [stack: 0x000000afdca00000,0x000000afdcb00000] [id=22684]
  0x0000029c98021800 GCTaskThread "GC Thread#2" [stack: 0x000000afdcb00000,0x000000afdcc00000] [id=14648]
  0x0000029c9761a000 GCTaskThread "GC Thread#3" [stack: 0x000000afdcc00000,0x000000afdcd00000] [id=19828]
  0x0000029c97f18000 GCTaskThread "GC Thread#4" [stack: 0x000000afdcd00000,0x000000afdce00000] [id=18096]
  0x0000029c97f4f000 GCTaskThread "GC Thread#5" [stack: 0x000000afdce00000,0x000000afdcf00000] [id=5032]
  0x0000029cf22fc000 ConcurrentGCThread "G1 Main Marker" [stack: 0x000000afdb600000,0x000000afdb700000] [id=18468]
  0x0000029cf22ff800 ConcurrentGCThread "G1 Conc#0" [stack: 0x000000afdb700000,0x000000afdb800000] [id=18060]
  0x0000029cfe909800 ConcurrentGCThread "G1 Refine#0" [stack: 0x000000afdb800000,0x000000afdb900000] [id=8096]
  0x0000029cfe90a000 ConcurrentGCThread "G1 Young RemSet Sampling" [stack: 0x000000afdb900000,0x000000afdba00000] [id=23396]

Threads with active compile tasks:

VM state:at safepoint (normal execution)

VM Mutex/Monitor currently owned by a thread:  ([mutex/lock_event])
[0x0000029cf2278b70] Threads_lock - owner thread: 0x0000029cffa0d800

Heap address: 0x0000000701400000, size: 4076 MB, Compressed Oops mode: Zero based, Oop shift amount: 3
Narrow klass base: 0x0000000800000000, Narrow klass shift: 3
Compressed class space size: 1073741824 Address: 0x0000000801190000

Heap:
 garbage-first heap   total 262144K, used 15763K [0x0000000701400000, 0x0000000800000000)
  region size 1024K, 17 young (17408K), 3 survivors (3072K)
 Metaspace       used 6654K, capacity 7539K, committed 7680K, reserved 1056768K
  class space    used 748K, capacity 956K, committed 1024K, reserved 1048576K
Heap Regions: E=young(eden), S=young(survivor), O=old, HS=humongous(starts), HC=humongous(continues), CS=collection set, F=free, A=archive, TAMS=top-at-mark-start (previous, next)
|   0|0x0000000701400000, 0x0000000701400000, 0x0000000701500000|  0%| F|  |TAMS 0x0000000701400000, 0x0000000701400000| Untracked 
|   1|0x0000000701500000, 0x0000000701500000, 0x0000000701600000|  0%| F|  |TAMS 0x0000000701500000, 0x0000000701500000| Untracked 
|   2|0x0000000701600000, 0x0000000701600000, 0x0000000701700000|  0%| F|  |TAMS 0x0000000701600000, 0x0000000701600000| Untracked 
|   3|0x0000000701700000, 0x0000000701700000, 0x0000000701800000|  0%| F|  |TAMS 0x0000000701700000, 0x0000000701700000| Untracked 
|   4|0x0000000701800000, 0x0000000701800000, 0x0000000701900000|  0%| F|  |TAMS 0x0000000701800000, 0x0000000701800000| Untracked 
|   5|0x0000000701900000, 0x0000000701900000, 0x0000000701a00000|  0%| F|  |TAMS 0x0000000701900000, 0x0000000701900000| Untracked 
|   6|0x0000000701a00000, 0x0000000701a00000, 0x0000000701b00000|  0%| F|  |TAMS 0x0000000701a00000, 0x0000000701a00000| Untracked 
|   7|0x0000000701b00000, 0x0000000701b00000, 0x0000000701c00000|  0%| F|  |TAMS 0x0000000701b00000, 0x0000000701b00000| Untracked 
|   8|0x0000000701c00000, 0x0000000701c00000, 0x0000000701d00000|  0%| F|  |TAMS 0x0000000701c00000, 0x0000000701c00000| Untracked 
|   9|0x0000000701d00000, 0x0000000701d00000, 0x0000000701e00000|  0%| F|  |TAMS 0x0000000701d00000, 0x0000000701d00000| Untracked 
|  10|0x0000000701e00000, 0x0000000701e00000, 0x0000000701f00000|  0%| F|  |TAMS 0x0000000701e00000, 0x0000000701e00000| Untracked 
|  11|0x0000000701f00000, 0x0000000701f00000, 0x0000000702000000|  0%| F|  |TAMS 0x0000000701f00000, 0x0000000701f00000| Untracked 
|  12|0x0000000702000000, 0x0000000702000000, 0x0000000702100000|  0%| F|  |TAMS 0x0000000702000000, 0x0000000702000000| Untracked 
|  13|0x0000000702100000, 0x0000000702100000, 0x0000000702200000|  0%| F|  |TAMS 0x0000000702100000, 0x0000000702100000| Untracked 
|  14|0x0000000702200000, 0x0000000702200000, 0x0000000702300000|  0%| F|  |TAMS 0x0000000702200000, 0x0000000702200000| Untracked 
|  15|0x0000000702300000, 0x0000000702300000, 0x0000000702400000|  0%| F|  |TAMS 0x0000000702300000, 0x0000000702300000| Untracked 
|  16|0x0000000702400000, 0x0000000702400000, 0x0000000702500000|  0%| F|  |TAMS 0x0000000702400000, 0x0000000702400000| Untracked 
|  17|0x0000000702500000, 0x0000000702500000, 0x0000000702600000|  0%| F|  |TAMS 0x0000000702500000, 0x0000000702500000| Untracked 
|  18|0x0000000702600000, 0x0000000702600000, 0x0000000702700000|  0%| F|  |TAMS 0x0000000702600000, 0x0000000702600000| Untracked 
|  19|0x0000000702700000, 0x0000000702700000, 0x0000000702800000|  0%| F|  |TAMS 0x0000000702700000, 0x0000000702700000| Untracked 
|  20|0x0000000702800000, 0x0000000702800000, 0x0000000702900000|  0%| F|  |TAMS 0x0000000702800000, 0x0000000702800000| Untracked 
|  21|0x0000000702900000, 0x0000000702900000, 0x0000000702a00000|  0%| F|  |TAMS 0x0000000702900000, 0x0000000702900000| Untracked 
|  22|0x0000000702a00000, 0x0000000702a00000, 0x0000000702b00000|  0%| F|  |TAMS 0x0000000702a00000, 0x0000000702a00000| Untracked 
|  23|0x0000000702b00000, 0x0000000702b00000, 0x0000000702c00000|  0%| F|  |TAMS 0x0000000702b00000, 0x0000000702b00000| Untracked 
|  24|0x0000000702c00000, 0x0000000702c00000, 0x0000000702d00000|  0%| F|  |TAMS 0x0000000702c00000, 0x0000000702c00000| Untracked 
|  25|0x0000000702d00000, 0x0000000702d00000, 0x0000000702e00000|  0%| F|  |TAMS 0x0000000702d00000, 0x0000000702d00000| Untracked 
|  26|0x0000000702e00000, 0x0000000702e00000, 0x0000000702f00000|  0%| F|  |TAMS 0x0000000702e00000, 0x0000000702e00000| Untracked 
|  27|0x0000000702f00000, 0x0000000702f00000, 0x0000000703000000|  0%| F|  |TAMS 0x0000000702f00000, 0x0000000702f00000| Untracked 
|  28|0x0000000703000000, 0x0000000703000000, 0x0000000703100000|  0%| F|  |TAMS 0x0000000703000000, 0x0000000703000000| Untracked 
|  29|0x0000000703100000, 0x0000000703100000, 0x0000000703200000|  0%| F|  |TAMS 0x0000000703100000, 0x0000000703100000| Untracked 
|  30|0x0000000703200000, 0x0000000703200000, 0x0000000703300000|  0%| F|  |TAMS 0x0000000703200000, 0x0000000703200000| Untracked 
|  31|0x0000000703300000, 0x0000000703300000, 0x0000000703400000|  0%| F|  |TAMS 0x0000000703300000, 0x0000000703300000| Untracked 
|  32|0x0000000703400000, 0x0000000703400000, 0x0000000703500000|  0%| F|  |TAMS 0x0000000703400000, 0x0000000703400000| Untracked 
|  33|0x0000000703500000, 0x0000000703500000, 0x0000000703600000|  0%| F|  |TAMS 0x0000000703500000, 0x0000000703500000| Untracked 
|  34|0x0000000703600000, 0x0000000703600000, 0x0000000703700000|  0%| F|  |TAMS 0x0000000703600000, 0x0000000703600000| Untracked 
|  35|0x0000000703700000, 0x0000000703700000, 0x0000000703800000|  0%| F|  |TAMS 0x0000000703700000, 0x0000000703700000| Untracked 
|  36|0x0000000703800000, 0x0000000703800000, 0x0000000703900000|  0%| F|  |TAMS 0x0000000703800000, 0x0000000703800000| Untracked 
|  37|0x0000000703900000, 0x0000000703900000, 0x0000000703a00000|  0%| F|  |TAMS 0x0000000703900000, 0x0000000703900000| Untracked 
|  38|0x0000000703a00000, 0x0000000703a00000, 0x0000000703b00000|  0%| F|  |TAMS 0x0000000703a00000, 0x0000000703a00000| Untracked 
|  39|0x0000000703b00000, 0x0000000703b00000, 0x0000000703c00000|  0%| F|  |TAMS 0x0000000703b00000, 0x0000000703b00000| Untracked 
|  40|0x0000000703c00000, 0x0000000703c00000, 0x0000000703d00000|  0%| F|  |TAMS 0x0000000703c00000, 0x0000000703c00000| Untracked 
|  41|0x0000000703d00000, 0x0000000703d00000, 0x0000000703e00000|  0%| F|  |TAMS 0x0000000703d00000, 0x0000000703d00000| Untracked 
|  42|0x0000000703e00000, 0x0000000703e00000, 0x0000000703f00000|  0%| F|  |TAMS 0x0000000703e00000, 0x0000000703e00000| Untracked 
|  43|0x0000000703f00000, 0x0000000703f00000, 0x0000000704000000|  0%| F|  |TAMS 0x0000000703f00000, 0x0000000703f00000| Untracked 
|  44|0x0000000704000000, 0x0000000704000000, 0x0000000704100000|  0%| F|  |TAMS 0x0000000704000000, 0x0000000704000000| Untracked 
|  45|0x0000000704100000, 0x0000000704100000, 0x0000000704200000|  0%| F|  |TAMS 0x0000000704100000, 0x0000000704100000| Untracked 
|  46|0x0000000704200000, 0x0000000704200000, 0x0000000704300000|  0%| F|  |TAMS 0x0000000704200000, 0x0000000704200000| Untracked 
|  47|0x0000000704300000, 0x0000000704300000, 0x0000000704400000|  0%| F|  |TAMS 0x0000000704300000, 0x0000000704300000| Untracked 
|  48|0x0000000704400000, 0x0000000704400000, 0x0000000704500000|  0%| F|  |TAMS 0x0000000704400000, 0x0000000704400000| Untracked 
|  49|0x0000000704500000, 0x0000000704500000, 0x0000000704600000|  0%| F|  |TAMS 0x0000000704500000, 0x0000000704500000| Untracked 
|  50|0x0000000704600000, 0x0000000704600000, 0x0000000704700000|  0%| F|  |TAMS 0x0000000704600000, 0x0000000704600000| Untracked 
|  51|0x0000000704700000, 0x0000000704700000, 0x0000000704800000|  0%| F|  |TAMS 0x0000000704700000, 0x0000000704700000| Untracked 
|  52|0x0000000704800000, 0x0000000704800000, 0x0000000704900000|  0%| F|  |TAMS 0x0000000704800000, 0x0000000704800000| Untracked 
|  53|0x0000000704900000, 0x0000000704900000, 0x0000000704a00000|  0%| F|  |TAMS 0x0000000704900000, 0x0000000704900000| Untracked 
|  54|0x0000000704a00000, 0x0000000704a00000, 0x0000000704b00000|  0%| F|  |TAMS 0x0000000704a00000, 0x0000000704a00000| Untracked 
|  55|0x0000000704b00000, 0x0000000704b00000, 0x0000000704c00000|  0%| F|  |TAMS 0x0000000704b00000, 0x0000000704b00000| Untracked 
|  56|0x0000000704c00000, 0x0000000704c00000, 0x0000000704d00000|  0%| F|  |TAMS 0x0000000704c00000, 0x0000000704c00000| Untracked 
|  57|0x0000000704d00000, 0x0000000704d00000, 0x0000000704e00000|  0%| F|  |TAMS 0x0000000704d00000, 0x0000000704d00000| Untracked 
|  58|0x0000000704e00000, 0x0000000704e00000, 0x0000000704f00000|  0%| F|  |TAMS 0x0000000704e00000, 0x0000000704e00000| Untracked 
|  59|0x0000000704f00000, 0x0000000704f00000, 0x0000000705000000|  0%| F|  |TAMS 0x0000000704f00000, 0x0000000704f00000| Untracked 
|  60|0x0000000705000000, 0x0000000705000000, 0x0000000705100000|  0%| F|  |TAMS 0x0000000705000000, 0x0000000705000000| Untracked 
|  61|0x0000000705100000, 0x0000000705100000, 0x0000000705200000|  0%| F|  |TAMS 0x0000000705100000, 0x0000000705100000| Untracked 
|  62|0x0000000705200000, 0x0000000705200000, 0x0000000705300000|  0%| F|  |TAMS 0x0000000705200000, 0x0000000705200000| Untracked 
|  63|0x0000000705300000, 0x0000000705300000, 0x0000000705400000|  0%| F|  |TAMS 0x0000000705300000, 0x0000000705300000| Untracked 
|  64|0x0000000705400000, 0x0000000705400000, 0x0000000705500000|  0%| F|  |TAMS 0x0000000705400000, 0x0000000705400000| Untracked 
|  65|0x0000000705500000, 0x0000000705500000, 0x0000000705600000|  0%| F|  |TAMS 0x0000000705500000, 0x0000000705500000| Untracked 
|  66|0x0000000705600000, 0x0000000705600000, 0x0000000705700000|  0%| F|  |TAMS 0x0000000705600000, 0x0000000705600000| Untracked 
|  67|0x0000000705700000, 0x0000000705700000, 0x0000000705800000|  0%| F|  |TAMS 0x0000000705700000, 0x0000000705700000| Untracked 
|  68|0x0000000705800000, 0x0000000705800000, 0x0000000705900000|  0%| F|  |TAMS 0x0000000705800000, 0x0000000705800000| Untracked 
|  69|0x0000000705900000, 0x0000000705900000, 0x0000000705a00000|  0%| F|  |TAMS 0x0000000705900000, 0x0000000705900000| Untracked 
|  70|0x0000000705a00000, 0x0000000705a00000, 0x0000000705b00000|  0%| F|  |TAMS 0x0000000705a00000, 0x0000000705a00000| Untracked 
|  71|0x0000000705b00000, 0x0000000705b00000, 0x0000000705c00000|  0%| F|  |TAMS 0x0000000705b00000, 0x0000000705b00000| Untracked 
|  72|0x0000000705c00000, 0x0000000705c00000, 0x0000000705d00000|  0%| F|  |TAMS 0x0000000705c00000, 0x0000000705c00000| Untracked 
|  73|0x0000000705d00000, 0x0000000705d00000, 0x0000000705e00000|  0%| F|  |TAMS 0x0000000705d00000, 0x0000000705d00000| Untracked 
|  74|0x0000000705e00000, 0x0000000705e00000, 0x0000000705f00000|  0%| F|  |TAMS 0x0000000705e00000, 0x0000000705e00000| Untracked 
|  75|0x0000000705f00000, 0x0000000705f00000, 0x0000000706000000|  0%| F|  |TAMS 0x0000000705f00000, 0x0000000705f00000| Untracked 
|  76|0x0000000706000000, 0x0000000706000000, 0x0000000706100000|  0%| F|  |TAMS 0x0000000706000000, 0x0000000706000000| Untracked 
|  77|0x0000000706100000, 0x0000000706100000, 0x0000000706200000|  0%| F|  |TAMS 0x0000000706100000, 0x0000000706100000| Untracked 
|  78|0x0000000706200000, 0x0000000706200000, 0x0000000706300000|  0%| F|  |TAMS 0x0000000706200000, 0x0000000706200000| Untracked 
|  79|0x0000000706300000, 0x0000000706300000, 0x0000000706400000|  0%| F|  |TAMS 0x0000000706300000, 0x0000000706300000| Untracked 
|  80|0x0000000706400000, 0x0000000706400000, 0x0000000706500000|  0%| F|  |TAMS 0x0000000706400000, 0x0000000706400000| Untracked 
|  81|0x0000000706500000, 0x0000000706500000, 0x0000000706600000|  0%| F|  |TAMS 0x0000000706500000, 0x0000000706500000| Untracked 
|  82|0x0000000706600000, 0x0000000706600000, 0x0000000706700000|  0%| F|  |TAMS 0x0000000706600000, 0x0000000706600000| Untracked 
|  83|0x0000000706700000, 0x0000000706700000, 0x0000000706800000|  0%| F|  |TAMS 0x0000000706700000, 0x0000000706700000| Untracked 
|  84|0x0000000706800000, 0x0000000706800000, 0x0000000706900000|  0%| F|  |TAMS 0x0000000706800000, 0x0000000706800000| Untracked 
|  85|0x0000000706900000, 0x0000000706900000, 0x0000000706a00000|  0%| F|  |TAMS 0x0000000706900000, 0x0000000706900000| Untracked 
|  86|0x0000000706a00000, 0x0000000706a00000, 0x0000000706b00000|  0%| F|  |TAMS 0x0000000706a00000, 0x0000000706a00000| Untracked 
|  87|0x0000000706b00000, 0x0000000706b00000, 0x0000000706c00000|  0%| F|  |TAMS 0x0000000706b00000, 0x0000000706b00000| Untracked 
|  88|0x0000000706c00000, 0x0000000706c00000, 0x0000000706d00000|  0%| F|  |TAMS 0x0000000706c00000, 0x0000000706c00000| Untracked 
|  89|0x0000000706d00000, 0x0000000706d00000, 0x0000000706e00000|  0%| F|  |TAMS 0x0000000706d00000, 0x0000000706d00000| Untracked 
|  90|0x0000000706e00000, 0x0000000706e00000, 0x0000000706f00000|  0%| F|  |TAMS 0x0000000706e00000, 0x0000000706e00000| Untracked 
|  91|0x0000000706f00000, 0x0000000706f00000, 0x0000000707000000|  0%| F|  |TAMS 0x0000000706f00000, 0x0000000706f00000| Untracked 
|  92|0x0000000707000000, 0x0000000707000000, 0x0000000707100000|  0%| F|  |TAMS 0x0000000707000000, 0x0000000707000000| Untracked 
|  93|0x0000000707100000, 0x0000000707100000, 0x0000000707200000|  0%| F|  |TAMS 0x0000000707100000, 0x0000000707100000| Untracked 
|  94|0x0000000707200000, 0x0000000707200000, 0x0000000707300000|  0%| F|  |TAMS 0x0000000707200000, 0x0000000707200000| Untracked 
|  95|0x0000000707300000, 0x0000000707300000, 0x0000000707400000|  0%| F|  |TAMS 0x0000000707300000, 0x0000000707300000| Untracked 
|  96|0x0000000707400000, 0x0000000707400000, 0x0000000707500000|  0%| F|  |TAMS 0x0000000707400000, 0x0000000707400000| Untracked 
|  97|0x0000000707500000, 0x0000000707500000, 0x0000000707600000|  0%| F|  |TAMS 0x0000000707500000, 0x0000000707500000| Untracked 
|  98|0x0000000707600000, 0x0000000707600000, 0x0000000707700000|  0%| F|  |TAMS 0x0000000707600000, 0x0000000707600000| Untracked 
|  99|0x0000000707700000, 0x0000000707700000, 0x0000000707800000|  0%| F|  |TAMS 0x0000000707700000, 0x0000000707700000| Untracked 
| 100|0x0000000707800000, 0x0000000707800000, 0x0000000707900000|  0%| F|  |TAMS 0x0000000707800000, 0x0000000707800000| Untracked 
| 101|0x0000000707900000, 0x0000000707900000, 0x0000000707a00000|  0%| F|  |TAMS 0x0000000707900000, 0x0000000707900000| Untracked 
| 102|0x0000000707a00000, 0x0000000707a00000, 0x0000000707b00000|  0%| F|  |TAMS 0x0000000707a00000, 0x0000000707a00000| Untracked 
| 103|0x0000000707b00000, 0x0000000707b00000, 0x0000000707c00000|  0%| F|  |TAMS 0x0000000707b00000, 0x0000000707b00000| Untracked 
| 104|0x0000000707c00000, 0x0000000707c00000, 0x0000000707d00000|  0%| F|  |TAMS 0x0000000707c00000, 0x0000000707c00000| Untracked 
| 105|0x0000000707d00000, 0x0000000707d00000, 0x0000000707e00000|  0%| F|  |TAMS 0x0000000707d00000, 0x0000000707d00000| Untracked 
| 106|0x0000000707e00000, 0x0000000707e00000, 0x0000000707f00000|  0%| F|  |TAMS 0x0000000707e00000, 0x0000000707e00000| Untracked 
| 107|0x0000000707f00000, 0x0000000707f00000, 0x0000000708000000|  0%| F|  |TAMS 0x0000000707f00000, 0x0000000707f00000| Untracked 
| 108|0x0000000708000000, 0x0000000708000000, 0x0000000708100000|  0%| F|  |TAMS 0x0000000708000000, 0x0000000708000000| Untracked 
| 109|0x0000000708100000, 0x0000000708100000, 0x0000000708200000|  0%| F|  |TAMS 0x0000000708100000, 0x0000000708100000| Untracked 
| 110|0x0000000708200000, 0x0000000708200000, 0x0000000708300000|  0%| F|  |TAMS 0x0000000708200000, 0x0000000708200000| Untracked 
| 111|0x0000000708300000, 0x0000000708300000, 0x0000000708400000|  0%| F|  |TAMS 0x0000000708300000, 0x0000000708300000| Untracked 
| 112|0x0000000708400000, 0x0000000708400000, 0x0000000708500000|  0%| F|  |TAMS 0x0000000708400000, 0x0000000708400000| Untracked 
| 113|0x0000000708500000, 0x0000000708500000, 0x0000000708600000|  0%| F|  |TAMS 0x0000000708500000, 0x0000000708500000| Untracked 
| 114|0x0000000708600000, 0x0000000708600000, 0x0000000708700000|  0%| F|  |TAMS 0x0000000708600000, 0x0000000708600000| Untracked 
| 115|0x0000000708700000, 0x0000000708700000, 0x0000000708800000|  0%| F|  |TAMS 0x0000000708700000, 0x0000000708700000| Untracked 
| 116|0x0000000708800000, 0x0000000708800000, 0x0000000708900000|  0%| F|  |TAMS 0x0000000708800000, 0x0000000708800000| Untracked 
| 117|0x0000000708900000, 0x0000000708900000, 0x0000000708a00000|  0%| F|  |TAMS 0x0000000708900000, 0x0000000708900000| Untracked 
| 118|0x0000000708a00000, 0x0000000708a00000, 0x0000000708b00000|  0%| F|  |TAMS 0x0000000708a00000, 0x0000000708a00000| Untracked 
| 119|0x0000000708b00000, 0x0000000708b00000, 0x0000000708c00000|  0%| F|  |TAMS 0x0000000708b00000, 0x0000000708b00000| Untracked 
| 120|0x0000000708c00000, 0x0000000708c00000, 0x0000000708d00000|  0%| F|  |TAMS 0x0000000708c00000, 0x0000000708c00000| Untracked 
| 121|0x0000000708d00000, 0x0000000708d00000, 0x0000000708e00000|  0%| F|  |TAMS 0x0000000708d00000, 0x0000000708d00000| Untracked 
| 122|0x0000000708e00000, 0x0000000708e00000, 0x0000000708f00000|  0%| F|  |TAMS 0x0000000708e00000, 0x0000000708e00000| Untracked 
| 123|0x0000000708f00000, 0x0000000708f00000, 0x0000000709000000|  0%| F|  |TAMS 0x0000000708f00000, 0x0000000708f00000| Untracked 
| 124|0x0000000709000000, 0x0000000709000000, 0x0000000709100000|  0%| F|  |TAMS 0x0000000709000000, 0x0000000709000000| Untracked 
| 125|0x0000000709100000, 0x0000000709100000, 0x0000000709200000|  0%| F|  |TAMS 0x0000000709100000, 0x0000000709100000| Untracked 
| 126|0x0000000709200000, 0x0000000709200000, 0x0000000709300000|  0%| F|  |TAMS 0x0000000709200000, 0x0000000709200000| Untracked 
| 127|0x0000000709300000, 0x0000000709300000, 0x0000000709400000|  0%| F|  |TAMS 0x0000000709300000, 0x0000000709300000| Untracked 
| 128|0x0000000709400000, 0x0000000709400000, 0x0000000709500000|  0%| F|  |TAMS 0x0000000709400000, 0x0000000709400000| Untracked 
| 129|0x0000000709500000, 0x0000000709500000, 0x0000000709600000|  0%| F|  |TAMS 0x0000000709500000, 0x0000000709500000| Untracked 
| 130|0x0000000709600000, 0x0000000709600000, 0x0000000709700000|  0%| F|  |TAMS 0x0000000709600000, 0x0000000709600000| Untracked 
| 131|0x0000000709700000, 0x0000000709700000, 0x0000000709800000|  0%| F|  |TAMS 0x0000000709700000, 0x0000000709700000| Untracked 
| 132|0x0000000709800000, 0x0000000709800000, 0x0000000709900000|  0%| F|  |TAMS 0x0000000709800000, 0x0000000709800000| Untracked 
| 133|0x0000000709900000, 0x0000000709900000, 0x0000000709a00000|  0%| F|  |TAMS 0x0000000709900000, 0x0000000709900000| Untracked 
| 134|0x0000000709a00000, 0x0000000709a00000, 0x0000000709b00000|  0%| F|  |TAMS 0x0000000709a00000, 0x0000000709a00000| Untracked 
| 135|0x0000000709b00000, 0x0000000709b00000, 0x0000000709c00000|  0%| F|  |TAMS 0x0000000709b00000, 0x0000000709b00000| Untracked 
| 136|0x0000000709c00000, 0x0000000709c00000, 0x0000000709d00000|  0%| F|  |TAMS 0x0000000709c00000, 0x0000000709c00000| Untracked 
| 137|0x0000000709d00000, 0x0000000709d00000, 0x0000000709e00000|  0%| F|  |TAMS 0x0000000709d00000, 0x0000000709d00000| Untracked 
| 138|0x0000000709e00000, 0x0000000709e00000, 0x0000000709f00000|  0%| F|  |TAMS 0x0000000709e00000, 0x0000000709e00000| Untracked 
| 139|0x0000000709f00000, 0x0000000709f00000, 0x000000070a000000|  0%| F|  |TAMS 0x0000000709f00000, 0x0000000709f00000| Untracked 
| 140|0x000000070a000000, 0x000000070a000000, 0x000000070a100000|  0%| F|  |TAMS 0x000000070a000000, 0x000000070a000000| Untracked 
| 141|0x000000070a100000, 0x000000070a100000, 0x000000070a200000|  0%| F|  |TAMS 0x000000070a100000, 0x000000070a100000| Untracked 
| 142|0x000000070a200000, 0x000000070a200000, 0x000000070a300000|  0%| F|  |TAMS 0x000000070a200000, 0x000000070a200000| Untracked 
| 143|0x000000070a300000, 0x000000070a300000, 0x000000070a400000|  0%| F|  |TAMS 0x000000070a300000, 0x000000070a300000| Untracked 
| 144|0x000000070a400000, 0x000000070a400000, 0x000000070a500000|  0%| F|  |TAMS 0x000000070a400000, 0x000000070a400000| Untracked 
| 145|0x000000070a500000, 0x000000070a500000, 0x000000070a600000|  0%| F|  |TAMS 0x000000070a500000, 0x000000070a500000| Untracked 
| 146|0x000000070a600000, 0x000000070a600000, 0x000000070a700000|  0%| F|  |TAMS 0x000000070a600000, 0x000000070a600000| Untracked 
| 147|0x000000070a700000, 0x000000070a700000, 0x000000070a800000|  0%| F|  |TAMS 0x000000070a700000, 0x000000070a700000| Untracked 
| 148|0x000000070a800000, 0x000000070a800000, 0x000000070a900000|  0%| F|  |TAMS 0x000000070a800000, 0x000000070a800000| Untracked 
| 149|0x000000070a900000, 0x000000070a900000, 0x000000070aa00000|  0%| F|  |TAMS 0x000000070a900000, 0x000000070a900000| Untracked 
| 150|0x000000070aa00000, 0x000000070aa00000, 0x000000070ab00000|  0%| F|  |TAMS 0x000000070aa00000, 0x000000070aa00000| Untracked 
| 151|0x000000070ab00000, 0x000000070ab00000, 0x000000070ac00000|  0%| F|  |TAMS 0x000000070ab00000, 0x000000070ab00000| Untracked 
| 152|0x000000070ac00000, 0x000000070ac00000, 0x000000070ad00000|  0%| F|  |TAMS 0x000000070ac00000, 0x000000070ac00000| Untracked 
| 153|0x000000070ad00000, 0x000000070ad00000, 0x000000070ae00000|  0%| F|  |TAMS 0x000000070ad00000, 0x000000070ad00000| Untracked 
| 154|0x000000070ae00000, 0x000000070ae00000, 0x000000070af00000|  0%| F|  |TAMS 0x000000070ae00000, 0x000000070ae00000| Untracked 
| 155|0x000000070af00000, 0x000000070af00000, 0x000000070b000000|  0%| F|  |TAMS 0x000000070af00000, 0x000000070af00000| Untracked 
| 156|0x000000070b000000, 0x000000070b000000, 0x000000070b100000|  0%| F|  |TAMS 0x000000070b000000, 0x000000070b000000| Untracked 
| 157|0x000000070b100000, 0x000000070b100000, 0x000000070b200000|  0%| F|  |TAMS 0x000000070b100000, 0x000000070b100000| Untracked 
| 158|0x000000070b200000, 0x000000070b200000, 0x000000070b300000|  0%| F|  |TAMS 0x000000070b200000, 0x000000070b200000| Untracked 
| 159|0x000000070b300000, 0x000000070b300000, 0x000000070b400000|  0%| F|  |TAMS 0x000000070b300000, 0x000000070b300000| Untracked 
| 160|0x000000070b400000, 0x000000070b400000, 0x000000070b500000|  0%| F|  |TAMS 0x000000070b400000, 0x000000070b400000| Untracked 
| 161|0x000000070b500000, 0x000000070b500000, 0x000000070b600000|  0%| F|  |TAMS 0x000000070b500000, 0x000000070b500000| Untracked 
| 162|0x000000070b600000, 0x000000070b600000, 0x000000070b700000|  0%| F|  |TAMS 0x000000070b600000, 0x000000070b600000| Untracked 
| 163|0x000000070b700000, 0x000000070b700000, 0x000000070b800000|  0%| F|  |TAMS 0x000000070b700000, 0x000000070b700000| Untracked 
| 164|0x000000070b800000, 0x000000070b800000, 0x000000070b900000|  0%| F|  |TAMS 0x000000070b800000, 0x000000070b800000| Untracked 
| 165|0x000000070b900000, 0x000000070b900000, 0x000000070ba00000|  0%| F|  |TAMS 0x000000070b900000, 0x000000070b900000| Untracked 
| 166|0x000000070ba00000, 0x000000070ba00000, 0x000000070bb00000|  0%| F|  |TAMS 0x000000070ba00000, 0x000000070ba00000| Untracked 
| 167|0x000000070bb00000, 0x000000070bb00000, 0x000000070bc00000|  0%| F|  |TAMS 0x000000070bb00000, 0x000000070bb00000| Untracked 
| 168|0x000000070bc00000, 0x000000070bc00000, 0x000000070bd00000|  0%| F|  |TAMS 0x000000070bc00000, 0x000000070bc00000| Untracked 
| 169|0x000000070bd00000, 0x000000070bd00000, 0x000000070be00000|  0%| F|  |TAMS 0x000000070bd00000, 0x000000070bd00000| Untracked 
| 170|0x000000070be00000, 0x000000070be00000, 0x000000070bf00000|  0%| F|  |TAMS 0x000000070be00000, 0x000000070be00000| Untracked 
| 171|0x000000070bf00000, 0x000000070bf00000, 0x000000070c000000|  0%| F|  |TAMS 0x000000070bf00000, 0x000000070bf00000| Untracked 
| 172|0x000000070c000000, 0x000000070c000000, 0x000000070c100000|  0%| F|  |TAMS 0x000000070c000000, 0x000000070c000000| Untracked 
| 173|0x000000070c100000, 0x000000070c100000, 0x000000070c200000|  0%| F|  |TAMS 0x000000070c100000, 0x000000070c100000| Untracked 
| 174|0x000000070c200000, 0x000000070c200000, 0x000000070c300000|  0%| F|  |TAMS 0x000000070c200000, 0x000000070c200000| Untracked 
| 175|0x000000070c300000, 0x000000070c300000, 0x000000070c400000|  0%| F|  |TAMS 0x000000070c300000, 0x000000070c300000| Untracked 
| 176|0x000000070c400000, 0x000000070c400000, 0x000000070c500000|  0%| F|  |TAMS 0x000000070c400000, 0x000000070c400000| Untracked 
| 177|0x000000070c500000, 0x000000070c500000, 0x000000070c600000|  0%| F|  |TAMS 0x000000070c500000, 0x000000070c500000| Untracked 
| 178|0x000000070c600000, 0x000000070c600000, 0x000000070c700000|  0%| F|  |TAMS 0x000000070c600000, 0x000000070c600000| Untracked 
| 179|0x000000070c700000, 0x000000070c700000, 0x000000070c800000|  0%| F|  |TAMS 0x000000070c700000, 0x000000070c700000| Untracked 
| 180|0x000000070c800000, 0x000000070c800000, 0x000000070c900000|  0%| F|  |TAMS 0x000000070c800000, 0x000000070c800000| Untracked 
| 181|0x000000070c900000, 0x000000070c900000, 0x000000070ca00000|  0%| F|  |TAMS 0x000000070c900000, 0x000000070c900000| Untracked 
| 182|0x000000070ca00000, 0x000000070ca00000, 0x000000070cb00000|  0%| F|  |TAMS 0x000000070ca00000, 0x000000070ca00000| Untracked 
| 183|0x000000070cb00000, 0x000000070cb00000, 0x000000070cc00000|  0%| F|  |TAMS 0x000000070cb00000, 0x000000070cb00000| Untracked 
| 184|0x000000070cc00000, 0x000000070cc00000, 0x000000070cd00000|  0%| F|  |TAMS 0x000000070cc00000, 0x000000070cc00000| Untracked 
| 185|0x000000070cd00000, 0x000000070cd00000, 0x000000070ce00000|  0%| F|  |TAMS 0x000000070cd00000, 0x000000070cd00000| Untracked 
| 186|0x000000070ce00000, 0x000000070ce00000, 0x000000070cf00000|  0%| F|  |TAMS 0x000000070ce00000, 0x000000070ce00000| Untracked 
| 187|0x000000070cf00000, 0x000000070cf00000, 0x000000070d000000|  0%| F|  |TAMS 0x000000070cf00000, 0x000000070cf00000| Untracked 
| 188|0x000000070d000000, 0x000000070d000000, 0x000000070d100000|  0%| F|  |TAMS 0x000000070d000000, 0x000000070d000000| Untracked 
| 189|0x000000070d100000, 0x000000070d100000, 0x000000070d200000|  0%| F|  |TAMS 0x000000070d100000, 0x000000070d100000| Untracked 
| 190|0x000000070d200000, 0x000000070d200000, 0x000000070d300000|  0%| F|  |TAMS 0x000000070d200000, 0x000000070d200000| Untracked 
| 191|0x000000070d300000, 0x000000070d300000, 0x000000070d400000|  0%| F|  |TAMS 0x000000070d300000, 0x000000070d300000| Untracked 
| 192|0x000000070d400000, 0x000000070d400000, 0x000000070d500000|  0%| F|  |TAMS 0x000000070d400000, 0x000000070d400000| Untracked 
| 193|0x000000070d500000, 0x000000070d500000, 0x000000070d600000|  0%| F|  |TAMS 0x000000070d500000, 0x000000070d500000| Untracked 
| 194|0x000000070d600000, 0x000000070d600000, 0x000000070d700000|  0%| F|  |TAMS 0x000000070d600000, 0x000000070d600000| Untracked 
| 195|0x000000070d700000, 0x000000070d700000, 0x000000070d800000|  0%| F|  |TAMS 0x000000070d700000, 0x000000070d700000| Untracked 
| 196|0x000000070d800000, 0x000000070d800000, 0x000000070d900000|  0%| F|  |TAMS 0x000000070d800000, 0x000000070d800000| Untracked 
| 197|0x000000070d900000, 0x000000070d900000, 0x000000070da00000|  0%| F|  |TAMS 0x000000070d900000, 0x000000070d900000| Untracked 
| 198|0x000000070da00000, 0x000000070da00000, 0x000000070db00000|  0%| F|  |TAMS 0x000000070da00000, 0x000000070da00000| Untracked 
| 199|0x000000070db00000, 0x000000070db00000, 0x000000070dc00000|  0%| F|  |TAMS 0x000000070db00000, 0x000000070db00000| Untracked 
| 200|0x000000070dc00000, 0x000000070dc00000, 0x000000070dd00000|  0%| F|  |TAMS 0x000000070dc00000, 0x000000070dc00000| Untracked 
| 201|0x000000070dd00000, 0x000000070dd00000, 0x000000070de00000|  0%| F|  |TAMS 0x000000070dd00000, 0x000000070dd00000| Untracked 
| 202|0x000000070de00000, 0x000000070de00000, 0x000000070df00000|  0%| F|  |TAMS 0x000000070de00000, 0x000000070de00000| Untracked 
| 203|0x000000070df00000, 0x000000070df00000, 0x000000070e000000|  0%| F|  |TAMS 0x000000070df00000, 0x000000070df00000| Untracked 
| 204|0x000000070e000000, 0x000000070e000000, 0x000000070e100000|  0%| F|  |TAMS 0x000000070e000000, 0x000000070e000000| Untracked 
| 205|0x000000070e100000, 0x000000070e100000, 0x000000070e200000|  0%| F|  |TAMS 0x000000070e100000, 0x000000070e100000| Untracked 
| 206|0x000000070e200000, 0x000000070e200000, 0x000000070e300000|  0%| F|  |TAMS 0x000000070e200000, 0x000000070e200000| Untracked 
| 207|0x000000070e300000, 0x000000070e300000, 0x000000070e400000|  0%| F|  |TAMS 0x000000070e300000, 0x000000070e300000| Untracked 
| 208|0x000000070e400000, 0x000000070e400000, 0x000000070e500000|  0%| F|  |TAMS 0x000000070e400000, 0x000000070e400000| Untracked 
| 209|0x000000070e500000, 0x000000070e500000, 0x000000070e600000|  0%| F|  |TAMS 0x000000070e500000, 0x000000070e500000| Untracked 
| 210|0x000000070e600000, 0x000000070e600000, 0x000000070e700000|  0%| F|  |TAMS 0x000000070e600000, 0x000000070e600000| Untracked 
| 211|0x000000070e700000, 0x000000070e700000, 0x000000070e800000|  0%| F|  |TAMS 0x000000070e700000, 0x000000070e700000| Untracked 
| 212|0x000000070e800000, 0x000000070e800000, 0x000000070e900000|  0%| F|  |TAMS 0x000000070e800000, 0x000000070e800000| Untracked 
| 213|0x000000070e900000, 0x000000070e900000, 0x000000070ea00000|  0%| F|  |TAMS 0x000000070e900000, 0x000000070e900000| Untracked 
| 214|0x000000070ea00000, 0x000000070ea00000, 0x000000070eb00000|  0%| F|  |TAMS 0x000000070ea00000, 0x000000070ea00000| Untracked 
| 215|0x000000070eb00000, 0x000000070eb00000, 0x000000070ec00000|  0%| F|  |TAMS 0x000000070eb00000, 0x000000070eb00000| Untracked 
| 216|0x000000070ec00000, 0x000000070ec00000, 0x000000070ed00000|  0%| F|  |TAMS 0x000000070ec00000, 0x000000070ec00000| Untracked 
| 217|0x000000070ed00000, 0x000000070ed00000, 0x000000070ee00000|  0%| F|  |TAMS 0x000000070ed00000, 0x000000070ed00000| Untracked 
| 218|0x000000070ee00000, 0x000000070ee00000, 0x000000070ef00000|  0%| F|  |TAMS 0x000000070ee00000, 0x000000070ee00000| Untracked 
| 219|0x000000070ef00000, 0x000000070ef00000, 0x000000070f000000|  0%| F|  |TAMS 0x000000070ef00000, 0x000000070ef00000| Untracked 
| 220|0x000000070f000000, 0x000000070f000000, 0x000000070f100000|  0%| F|  |TAMS 0x000000070f000000, 0x000000070f000000| Untracked 
| 221|0x000000070f100000, 0x000000070f100000, 0x000000070f200000|  0%| F|  |TAMS 0x000000070f100000, 0x000000070f100000| Untracked 
| 222|0x000000070f200000, 0x000000070f200000, 0x000000070f300000|  0%| F|  |TAMS 0x000000070f200000, 0x000000070f200000| Untracked 
| 223|0x000000070f300000, 0x000000070f300000, 0x000000070f400000|  0%| F|  |TAMS 0x000000070f300000, 0x000000070f300000| Untracked 
| 224|0x000000070f400000, 0x000000070f400000, 0x000000070f500000|  0%| F|  |TAMS 0x000000070f400000, 0x000000070f400000| Untracked 
| 225|0x000000070f500000, 0x000000070f500000, 0x000000070f600000|  0%| F|  |TAMS 0x000000070f500000, 0x000000070f500000| Untracked 
| 226|0x000000070f600000, 0x000000070f600000, 0x000000070f700000|  0%| F|  |TAMS 0x000000070f600000, 0x000000070f600000| Untracked 
| 227|0x000000070f700000, 0x000000070f700000, 0x000000070f800000|  0%| F|  |TAMS 0x000000070f700000, 0x000000070f700000| Untracked 
| 228|0x000000070f800000, 0x000000070f800000, 0x000000070f900000|  0%| F|  |TAMS 0x000000070f800000, 0x000000070f800000| Untracked 
| 229|0x000000070f900000, 0x000000070f964f58, 0x000000070fa00000| 39%| S|CS|TAMS 0x000000070f900000, 0x000000070f900000| Complete 
| 230|0x000000070fa00000, 0x000000070fb00000, 0x000000070fb00000|100%| S|CS|TAMS 0x000000070fa00000, 0x000000070fa00000| Complete 
| 231|0x000000070fb00000, 0x000000070fc00000, 0x000000070fc00000|100%| S|CS|TAMS 0x000000070fb00000, 0x000000070fb00000| Complete 
| 232|0x000000070fc00000, 0x000000070fc00000, 0x000000070fd00000|  0%| F|  |TAMS 0x000000070fc00000, 0x000000070fc00000| Untracked 
| 233|0x000000070fd00000, 0x000000070fd00000, 0x000000070fe00000|  0%| F|  |TAMS 0x000000070fd00000, 0x000000070fd00000| Untracked 
| 234|0x000000070fe00000, 0x000000070fe00000, 0x000000070ff00000|  0%| F|  |TAMS 0x000000070fe00000, 0x000000070fe00000| Untracked 
| 235|0x000000070ff00000, 0x000000070ff00000, 0x0000000710000000|  0%| F|  |TAMS 0x000000070ff00000, 0x000000070ff00000| Untracked 
| 236|0x0000000710000000, 0x0000000710000000, 0x0000000710100000|  0%| F|  |TAMS 0x0000000710000000, 0x0000000710000000| Untracked 
| 237|0x0000000710100000, 0x0000000710100000, 0x0000000710200000|  0%| F|  |TAMS 0x0000000710100000, 0x0000000710100000| Untracked 
| 238|0x0000000710200000, 0x0000000710200000, 0x0000000710300000|  0%| F|  |TAMS 0x0000000710200000, 0x0000000710200000| Untracked 
| 239|0x0000000710300000, 0x0000000710300000, 0x0000000710400000|  0%| F|  |TAMS 0x0000000710300000, 0x0000000710300000| Untracked 
| 240|0x0000000710400000, 0x0000000710400000, 0x0000000710500000|  0%| F|  |TAMS 0x0000000710400000, 0x0000000710400000| Untracked 
| 241|0x0000000710500000, 0x0000000710500000, 0x0000000710600000|  0%| F|  |TAMS 0x0000000710500000, 0x0000000710500000| Untracked 
| 242|0x0000000710600000, 0x0000000710700000, 0x0000000710700000|100%| E|  |TAMS 0x0000000710600000, 0x0000000710600000| Complete 
| 243|0x0000000710700000, 0x0000000710800000, 0x0000000710800000|100%| E|CS|TAMS 0x0000000710700000, 0x0000000710700000| Complete 
| 244|0x0000000710800000, 0x0000000710900000, 0x0000000710900000|100%| E|CS|TAMS 0x0000000710800000, 0x0000000710800000| Complete 
| 245|0x0000000710900000, 0x0000000710a00000, 0x0000000710a00000|100%| E|CS|TAMS 0x0000000710900000, 0x0000000710900000| Complete 
| 246|0x0000000710a00000, 0x0000000710b00000, 0x0000000710b00000|100%| E|CS|TAMS 0x0000000710a00000, 0x0000000710a00000| Complete 
| 247|0x0000000710b00000, 0x0000000710c00000, 0x0000000710c00000|100%| E|CS|TAMS 0x0000000710b00000, 0x0000000710b00000| Complete 
| 248|0x0000000710c00000, 0x0000000710d00000, 0x0000000710d00000|100%| E|CS|TAMS 0x0000000710c00000, 0x0000000710c00000| Complete 
| 249|0x0000000710d00000, 0x0000000710e00000, 0x0000000710e00000|100%| E|CS|TAMS 0x0000000710d00000, 0x0000000710d00000| Complete 
| 250|0x0000000710e00000, 0x0000000710f00000, 0x0000000710f00000|100%| E|CS|TAMS 0x0000000710e00000, 0x0000000710e00000| Complete 
| 251|0x0000000710f00000, 0x0000000711000000, 0x0000000711000000|100%| E|CS|TAMS 0x0000000710f00000, 0x0000000710f00000| Complete 
| 252|0x0000000711000000, 0x0000000711100000, 0x0000000711100000|100%| E|CS|TAMS 0x0000000711000000, 0x0000000711000000| Complete 
| 253|0x0000000711100000, 0x0000000711200000, 0x0000000711200000|100%| E|CS|TAMS 0x0000000711100000, 0x0000000711100000| Complete 
| 254|0x0000000711200000, 0x0000000711300000, 0x0000000711300000|100%| E|CS|TAMS 0x0000000711200000, 0x0000000711200000| Complete 
| 255|0x0000000711300000, 0x0000000711400000, 0x0000000711400000|100%| E|CS|TAMS 0x0000000711300000, 0x0000000711300000| Complete 

Card table byte_map: [0x0000029cfb3d0000,0x0000029cfbbd0000] _byte_map_base: 0x0000029cf7bc6000

Marking Bits (Prev, Next): (CMBitMap*) 0x0000029cf22e2c98, (CMBitMap*) 0x0000029cf22e2cd8
 Prev Bits: [0x0000029c8f000000, 0x0000029c92fb0000)
 Next Bits: [0x0000029c92fb0000, 0x0000029c96f60000)

Polling page: 0x0000029cf0290000

Metaspace:

Usage:
  Non-class:      6.43 MB capacity,     5.77 MB ( 90%) used,   638.34 KB ( 10%) free+waste,    38.31 KB ( <1%) overhead. 
      Class:    956.00 KB capacity,   748.58 KB ( 78%) used,   187.61 KB ( 20%) free+waste,    19.81 KB (  2%) overhead. 
       Both:      7.36 MB capacity,     6.50 MB ( 88%) used,   825.95 KB ( 11%) free+waste,    58.13 KB ( <1%) overhead. 

Virtual space:
  Non-class space:        8.00 MB reserved,       6.50 MB ( 81%) committed 
      Class space:        1.00 GB reserved,       1.00 MB ( <1%) committed 
             Both:        1.01 GB reserved,       7.50 MB ( <1%) committed 

Chunk freelists:
   Non-Class:  1.13 KB
       Class:  512 bytes
        Both:  1.63 KB

CodeHeap 'non-profiled nmethods': size=120000Kb used=620Kb max_used=629Kb free=119379Kb
 bounds [0x0000029c87ad0000, 0x0000029c87d40000, 0x0000029c8f000000]
CodeHeap 'profiled nmethods': size=120000Kb used=2893Kb max_used=3301Kb free=117106Kb
 bounds [0x0000029c805a0000, 0x0000029c808e0000, 0x0000029c87ad0000]
CodeHeap 'non-nmethods': size=5760Kb used=1196Kb max_used=1255Kb free=4563Kb
 bounds [0x0000029c80000000, 0x0000029c80270000, 0x0000029c805a0000]
 total_blobs=2129 nmethods=1235 adapters=334
 compilation: enabled
              stopped_count=0, restarted_count=0
 full_count=0

Compilation events (10 events):
Event: 9618.148 Thread 0x0000029cffa31000 1391       3       org.eclipse.jdt.launching.internal.org.objectweb.asm.MethodWriter::visitAnnotation (40 bytes)
Event: 9618.148 Thread 0x0000029cffa31000 nmethod 1391 0x0000029c805a8710 code [0x0000029c805a89a0, 0x0000029c805a9540]
Event: 10267.822 Thread 0x0000029cffa31000 1393       3       org.eclipse.jdt.launching.internal.org.objectweb.asm.AnnotationWriter::putAnnotations (110 bytes)
Event: 10267.822 Thread 0x0000029cffa31000 nmethod 1393 0x0000029c805b5d10 code [0x0000029c805b5f40, 0x0000029c805b63f0]
Event: 10267.822 Thread 0x0000029cffa31000 1392       3       org.eclipse.jdt.launching.internal.org.objectweb.asm.AnnotationWriter::computeAnnotationsSize (42 bytes)
Event: 10267.829 Thread 0x0000029cffa31000 nmethod 1392 0x0000029c805a0010 code [0x0000029c805a01e0, 0x0000029c805a04d0]
Event: 10284.808 Thread 0x0000029cffa31000 1394       3       org.eclipse.jdt.launching.internal.org.objectweb.asm.SymbolTable::hash (14 bytes)
Event: 10284.808 Thread 0x0000029cffa31000 nmethod 1394 0x0000029c805a5090 code [0x0000029c805a5240, 0x0000029c805a5398]
Event: 10284.808 Thread 0x0000029cffa31000 1395       3       org.eclipse.jdt.launching.internal.org.objectweb.asm.SymbolTable::addConstantLongOrDouble (109 bytes)
Event: 10284.808 Thread 0x0000029cffa31000 nmethod 1395 0x0000029c805b5110 code [0x0000029c805b5340, 0x0000029c805b59c0]

GC Heap History (2 events):
Event: 0.422 GC heap before
{Heap before GC invocations=0 (full 0):
 garbage-first heap   total 262144K, used 23552K [0x0000000701400000, 0x0000000800000000)
  region size 1024K, 24 young (24576K), 0 survivors (0K)
 Metaspace       used 5090K, capacity 6172K, committed 6400K, reserved 1056768K
  class space    used 514K, capacity 652K, committed 768K, reserved 1048576K
}
Event: 0.424 GC heap after
{Heap after GC invocations=1 (full 0):
 garbage-first heap   total 262144K, used 2451K [0x0000000701400000, 0x0000000800000000)
  region size 1024K, 3 young (3072K), 3 survivors (3072K)
 Metaspace       used 5090K, capacity 6172K, committed 6400K, reserved 1056768K
  class space    used 514K, capacity 652K, committed 768K, reserved 1048576K
}

Deoptimization events (10 events):
Event: 0.185 Thread 0x0000029cf227d800 Uncommon trap: reason=unstable_if action=reinterpret pc=0x0000029c87adf12c method=java.lang.String.isLatin1()Z @ 10 c2
Event: 0.281 Thread 0x0000029cf227d800 Uncommon trap: reason=bimorphic_or_optimized_type_check action=maybe_recompile pc=0x0000029c87b09a40 method=java.util.HashMap.getNode(ILjava/lang/Object;)Ljava/util/HashMap$Node; @ 126 c2
Event: 0.402 Thread 0x0000029cf227d800 Uncommon trap: reason=unstable_if action=reinterpret pc=0x0000029c87b239e8 method=java.util.HashMap.getNode(ILjava/lang/Object;)Ljava/util/HashMap$Node; @ 62 c2
Event: 0.402 Thread 0x0000029cf227d800 Uncommon trap: reason=class_check action=maybe_recompile pc=0x0000029c87b0dd14 method=java.util.HashMap.putVal(ILjava/lang/Object;Ljava/lang/Object;ZZ)Ljava/lang/Object; @ 91 c2
Event: 0.402 Thread 0x0000029cf227d800 Uncommon trap: reason=bimorphic_or_optimized_type_check action=maybe_recompile pc=0x0000029c87b09a40 method=java.util.HashMap.getNode(ILjava/lang/Object;)Ljava/util/HashMap$Node; @ 126 c2
Event: 0.402 Thread 0x0000029cf227d800 Uncommon trap: reason=unstable_if action=reinterpret pc=0x0000029c87b09a04 method=java.util.HashMap.getNode(ILjava/lang/Object;)Ljava/util/HashMap$Node; @ 62 c2
Event: 0.402 Thread 0x0000029cf227d800 Uncommon trap: reason=class_check action=maybe_recompile pc=0x0000029c87b0dd14 method=java.util.HashMap.putVal(ILjava/lang/Object;Ljava/lang/Object;ZZ)Ljava/lang/Object; @ 91 c2
Event: 0.427 Thread 0x0000029cf227d800 Uncommon trap: reason=class_check action=maybe_recompile pc=0x0000029c87b2ef94 method=java.util.HashMap.putVal(ILjava/lang/Object;Ljava/lang/Object;ZZ)Ljava/lang/Object; @ 253 c2
Event: 0.429 Thread 0x0000029cf227d800 Uncommon trap: reason=class_check action=maybe_recompile pc=0x0000029c87b2ef94 method=java.util.HashMap.putVal(ILjava/lang/Object;Ljava/lang/Object;ZZ)Ljava/lang/Object; @ 253 c2
Event: 0.506 Thread 0x0000029cf227d800 Uncommon trap: reason=unstable_if action=reinterpret pc=0x0000029c87b296a0 method=org.eclipse.jdt.launching.internal.org.objectweb.asm.ByteVector.putInt(I)Lorg/eclipse/jdt/launching/internal/org/objectweb/asm/ByteVector; @ 13 c2

Classes redefined (10 events):
Event: 643.549 Thread 0x0000029cffa0d800 redefined class name=myMath.Polynom$1, count=1
Event: 643.554 Thread 0x0000029cffa0d800 redefined class name=myMath.Polynom, count=1
Event: 9107.397 Thread 0x0000029cffa0d800 redefined class name=tests.PolynomTest, count=1
Event: 9263.758 Thread 0x0000029cffa0d800 redefined class name=tests.PolynomTest, count=2
Event: 9537.123 Thread 0x0000029cffa0d800 redefined class name=tests.PolynomTest, count=3
Event: 9618.163 Thread 0x0000029cffa0d800 redefined class name=tests.PolynomTest, count=4
Event: 9837.822 Thread 0x0000029cffa0d800 redefined class name=tests.PolynomTest, count=5
Event: 10267.828 Thread 0x0000029cffa0d800 redefined class name=tests.PolynomTest, count=6
Event: 10284.814 Thread 0x0000029cffa0d800 redefined class name=tests.PolynomTest, count=7
Event: 24566.903 Thread 0x0000029cffa0d800 redefined class name=tests.PolynomTest, count=8

Internal exceptions (10 events):
Event: 0.432 Thread 0x0000029cf227d800 Exception <a 'java/lang/NoSuchMethodError'{0x00000007113c75b8}: java.lang.invoke.DirectMethodHandle$Holder.invokeInterface(Ljava/lang/Object;Ljava/lang/Object;)V> (0x00000007113c75b8) thrown at [t:/workspace/open/src/hotspot/share/interpreter/linkResolver
Event: 0.432 Thread 0x0000029cf227d800 Exception <a 'java/lang/IncompatibleClassChangeError'{0x00000007113c9fa8}: Found class java.lang.Object, but interface was expected> (0x00000007113c9fa8) thrown at [t:/workspace/open/src/hotspot/share/interpreter/linkResolver.cpp, line 843]
Event: 0.434 Thread 0x0000029cf227d800 Exception <a 'java/lang/NoSuchMethodError'{0x00000007113dd188}: java.lang.invoke.DirectMethodHandle$Holder.invokeStatic(Ljava/lang/Object;Ljava/lang/Object;Ljava/lang/Object;Ljava/lang/Object;)V> (0x00000007113dd188) thrown at [t:/workspace/open/src/hotsp
Event: 0.473 Thread 0x0000029cf227d800 Exception <a 'java/lang/NoSuchMethodError'{0x0000000710f46060}: java.lang.invoke.DirectMethodHandle$Holder.invokeVirtual(Ljava/lang/Object;Ljava/lang/Object;Ljava/lang/Object;)Ljava/lang/Object;> (0x0000000710f46060) thrown at [t:/workspace/open/src/hotsp
Event: 0.478 Thread 0x0000029cf227d800 Exception <a 'java/lang/NoSuchMethodError'{0x0000000710fc3440}: java.lang.invoke.DirectMethodHandle$Holder.invokeInterface(Ljava/lang/Object;Ljava/lang/Object;Ljava/lang/Object;Ljava/lang/Object;)V> (0x0000000710fc3440) thrown at [t:/workspace/open/src/ho
Event: 0.478 Thread 0x0000029cf227d800 Exception <a 'java/lang/IncompatibleClassChangeError'{0x0000000710fc5e68}: Found class java.lang.Object, but interface was expected> (0x0000000710fc5e68) thrown at [t:/workspace/open/src/hotspot/share/interpreter/linkResolver.cpp, line 843]
Event: 0.497 Thread 0x0000029cf227d800 Exception <a 'java/lang/NoSuchMethodError'{0x0000000710c265f0}: java.lang.invoke.DirectMethodHandle$Holder.invokeSpecial(Ljava/lang/Object;Ljava/lang/Object;)V> (0x0000000710c265f0) thrown at [t:/workspace/open/src/hotspot/share/interpreter/linkResolver.c
Event: 0.505 Thread 0x0000029cf227d800 Exception <a 'java/lang/NoSuchMethodError'{0x0000000710b7c008}: java.lang.invoke.DirectMethodHandle$Holder.invokeStatic(Ljava/lang/Object;Ljava/lang/Object;Ljava/lang/Object;Ljava/lang/Object;Ljava/lang/Object;)I> (0x0000000710b7c008) thrown at [t:/worksp
Event: 0.521 Thread 0x0000029cf227d800 Exception <a 'java/lang/NoSuchMethodError'{0x0000000710af3a18}: java.lang.invoke.DirectMethodHandle$Holder.invokeStaticInit(Ljava/lang/Object;Ljava/lang/Object;Ljava/lang/Object;)I> (0x0000000710af3a18) thrown at [t:/workspace/open/src/hotspot/share/inter
Event: 0.537 Thread 0x0000029cf227d800 Exception <a 'java/lang/NoSuchMethodError'{0x0000000710802488}: java.lang.invoke.DirectMethodHandle$Holder.invokeStaticInit(Ljava/lang/Object;Ljava/lang/Object;)I> (0x0000000710802488) thrown at [t:/workspace/open/src/hotspot/share/interpreter/linkResolve

Events (10 events):
Event: 24566.930 Executing VM operation: GetFrameCount done
Event: 24566.930 Executing VM operation: GetStackTrace
Event: 24566.931 Executing VM operation: GetStackTrace done
Event: 24566.946 Executing VM operation: GetFrameCount
Event: 24566.946 Executing VM operation: GetFrameCount done
Event: 24566.946 Executing VM operation: GetOwnedMonitorInfo
Event: 24566.947 Executing VM operation: GetOwnedMonitorInfo done
Event: 24566.947 Executing VM operation: GetCurrentContendedMonitor
Event: 24566.947 Executing VM operation: GetCurrentContendedMonitor done
Event: 24576.338 Executing VM operation: GetOrSetLocal


Dynamic libraries:
0x00007ff6ed290000 - 0x00007ff6ed29f000 	C:\Program Files\Java\jdk-12.0.2\bin\javaw.exe
0x00007ffa12e10000 - 0x00007ffa12ffd000 	C:\Windows\SYSTEM32\ntdll.dll
0x00007ffa10650000 - 0x00007ffa10703000 	C:\Windows\System32\KERNEL32.DLL
0x00007ffa0fda0000 - 0x00007ffa10033000 	C:\Windows\System32\KERNELBASE.dll
0x00007ffa0fac0000 - 0x00007ffa0fbba000 	C:\Windows\System32\ucrtbase.dll
0x00007ff9fa5e0000 - 0x00007ff9fa5f6000 	C:\Program Files\Java\jdk-12.0.2\bin\VCRUNTIME140.dll
0x00007ff9fa630000 - 0x00007ff9fa648000 	C:\Program Files\Java\jdk-12.0.2\bin\jli.dll
0x00007ffa10790000 - 0x00007ffa10833000 	C:\Windows\System32\ADVAPI32.dll
0x00007ffa127c0000 - 0x00007ffa1285e000 	C:\Windows\System32\msvcrt.dll
0x00007ffa10480000 - 0x00007ffa1051e000 	C:\Windows\System32\sechost.dll
0x00007ffa12690000 - 0x00007ffa127b2000 	C:\Windows\System32\RPCRT4.dll
0x00007ffa12290000 - 0x00007ffa12427000 	C:\Windows\System32\USER32.dll
0x00007ffa0f220000 - 0x00007ffa0f240000 	C:\Windows\System32\win32u.dll
0x00007ffa10720000 - 0x00007ffa10749000 	C:\Windows\System32\GDI32.dll
0x00007ff9fc610000 - 0x00007ff9fc889000 	C:\Windows\WinSxS\amd64_microsoft.windows.common-controls_6595b64144ccf1df_6.0.17763.348_none_05b73c0a071d7a57\COMCTL32.dll
0x00007ffa0eee0000 - 0x00007ffa0f07a000 	C:\Windows\System32\gdi32full.dll
0x00007ffa10040000 - 0x00007ffa1036d000 	C:\Windows\System32\combase.dll
0x00007ffa0f0d0000 - 0x00007ffa0f170000 	C:\Windows\System32\msvcp_win.dll
0x00007ffa0f1a0000 - 0x00007ffa0f21e000 	C:\Windows\System32\bcryptPrimitives.dll
0x00007ffa08e00000 - 0x00007ffa08e0a000 	C:\Windows\SYSTEM32\VERSION.dll
0x00007ffa10760000 - 0x00007ffa1078e000 	C:\Windows\System32\IMM32.DLL
0x00007ff9d2a70000 - 0x00007ff9d2b1a000 	C:\Program Files\Java\jdk-12.0.2\bin\msvcp140.dll
0x00007ff9a3f10000 - 0x00007ff9a4a87000 	C:\Program Files\Java\jdk-12.0.2\bin\server\jvm.dll
0x00007ffa10750000 - 0x00007ffa10758000 	C:\Windows\System32\PSAPI.DLL
0x00007ffa09ac0000 - 0x00007ffa09ac9000 	C:\Windows\SYSTEM32\WSOCK32.dll
0x00007ff9fa5b0000 - 0x00007ff9fa5d4000 	C:\Windows\SYSTEM32\WINMM.dll
0x00007ffa12d70000 - 0x00007ffa12ddd000 	C:\Windows\System32\WS2_32.dll
0x00007ffa01f10000 - 0x00007ffa01f3d000 	C:\Windows\SYSTEM32\WINMMBASE.dll
0x00007ffa0f080000 - 0x00007ffa0f0ca000 	C:\Windows\System32\cfgmgr32.dll
0x00007ffa0ee90000 - 0x00007ffa0eea1000 	C:\Windows\System32\kernel.appcore.dll
0x00007ffa08ec0000 - 0x00007ffa08ed1000 	C:\Program Files\Java\jdk-12.0.2\bin\verify.dll
0x00007ffa0d820000 - 0x00007ffa0da0d000 	C:\Windows\SYSTEM32\DBGHELP.DLL
0x00007ffa06370000 - 0x00007ffa0639a000 	C:\Windows\SYSTEM32\dbgcore.DLL
0x00007ffa02570000 - 0x00007ffa02596000 	C:\Program Files\Java\jdk-12.0.2\bin\java.dll
0x00007ff9e7520000 - 0x00007ff9e7558000 	C:\Program Files\Java\jdk-12.0.2\bin\jdwp.dll
0x00007ffa02560000 - 0x00007ffa0256e000 	C:\Program Files\Java\jdk-12.0.2\bin\instrument.dll
0x00007ffa024b0000 - 0x00007ffa024c7000 	C:\Program Files\Java\jdk-12.0.2\bin\zip.dll
0x00007ffa09ab0000 - 0x00007ffa09aba000 	C:\Program Files\Java\jdk-12.0.2\bin\jimage.dll
0x00007ffa10da0000 - 0x00007ffa12290000 	C:\Windows\System32\SHELL32.dll
0x00007ffa128c0000 - 0x00007ffa12968000 	C:\Windows\System32\shcore.dll
0x00007ffa0f240000 - 0x00007ffa0f98a000 	C:\Windows\System32\windows.storage.dll
0x00007ffa0eeb0000 - 0x00007ffa0eed4000 	C:\Windows\System32\profapi.dll
0x00007ffa0ee30000 - 0x00007ffa0ee8d000 	C:\Windows\System32\powrprof.dll
0x00007ffa12860000 - 0x00007ffa128b2000 	C:\Windows\System32\shlwapi.dll
0x00007ffa0fa40000 - 0x00007ffa0fa57000 	C:\Windows\System32\cryptsp.dll
0x00007ffa02440000 - 0x00007ffa0244a000 	C:\Program Files\Java\jdk-12.0.2\bin\dt_socket.dll
0x00007ffa0e690000 - 0x00007ffa0e6f7000 	C:\Windows\System32\mswsock.dll
0x00007ffa0e430000 - 0x00007ffa0e4f6000 	C:\Windows\SYSTEM32\DNSAPI.dll
0x00007ffa12d60000 - 0x00007ffa12d68000 	C:\Windows\System32\NSI.dll
0x00007ffa0e3f0000 - 0x00007ffa0e42d000 	C:\Windows\SYSTEM32\IPHLPAPI.DLL
0x00007ffa04a70000 - 0x00007ffa04ae9000 	C:\Windows\System32\fwpuclnt.dll
0x00007ffa0f170000 - 0x00007ffa0f196000 	C:\Windows\System32\bcrypt.dll
0x00007ffa04970000 - 0x00007ffa0497a000 	C:\Windows\System32\rasadhlp.dll
0x00007ffa02450000 - 0x00007ffa02469000 	C:\Program Files\Java\jdk-12.0.2\bin\net.dll
0x00007ffa09db0000 - 0x00007ffa09ea1000 	C:\Windows\SYSTEM32\WINHTTP.dll
0x00007ffa03860000 - 0x00007ffa03a37000 	C:\Windows\SYSTEM32\urlmon.dll
0x00007ffa01350000 - 0x00007ffa015f8000 	C:\Windows\SYSTEM32\iertutil.dll
0x00007ffa0e860000 - 0x00007ffa0e86c000 	C:\Windows\SYSTEM32\CRYPTBASE.DLL
0x00007ffa01ef0000 - 0x00007ffa01f03000 	C:\Program Files\Java\jdk-12.0.2\bin\nio.dll

dbghelp: loaded successfully - version: 4.0.5 - missing functions: none
symbol engine: initialized successfully - sym options: 0x614 - pdb path: .;C:\Program Files\Java\jdk-12.0.2\bin;C:\Windows\SYSTEM32;C:\Windows\WinSxS\amd64_microsoft.windows.common-controls_6595b64144ccf1df_6.0.17763.348_none_05b73c0a071d7a57;C:\Program Files\Java\jdk-12.0.2\bin\server

VM Arguments:
jvm_args: -agentlib:jdwp=transport=dt_socket,suspend=y,address=localhost:52752 -ea -javaagent:C:\Users\dovie\eclipse\committers-2019-06\eclipse\configuration\org.eclipse.osgi\242\0\.cp\lib\javaagent-shaded.jar -Dfile.encoding=UTF-8 
java_command: org.eclipse.jdt.internal.junit.runner.RemoteTestRunner -version 3 -port 52751 -testLoaderClass org.eclipse.jdt.internal.junit5.runner.JUnit5TestLoader -loaderpluginname org.eclipse.jdt.junit5.runtime -test tests.PolynomTest:testIsZero
java_class_path (initial): C:\Users\dovie\eclipse-workspace\myMath\bin;C:\Users\dovie\.p2\pool\plugins\org.junit.jupiter.api_5.4.0.v20190212-2109.jar;C:\Users\dovie\.p2\pool\plugins\org.junit.jupiter.engine_5.4.0.v20190212-2109.jar;C:\Users\dovie\.p2\pool\plugins\org.junit.jupiter.migrationsupport_5.4.0.v20190212-2109.jar;C:\Users\dovie\.p2\pool\plugins\org.junit.jupiter.params_5.4.0.v20190212-2109.jar;C:\Users\dovie\.p2\pool\plugins\org.junit.platform.commons_1.4.0.v20190212-2109.jar;C:\Users\dovie\.p2\pool\plugins\org.junit.platform.engine_1.4.0.v20190212-2109.jar;C:\Users\dovie\.p2\pool\plugins\org.junit.platform.launcher_1.4.0.v20190212-2109.jar;C:\Users\dovie\.p2\pool\plugins\org.junit.platform.runner_1.4.0.v20190212-2109.jar;C:\Users\dovie\.p2\pool\plugins\org.junit.platform.suite.api_1.4.0.v20190212-2109.jar;C:\Users\dovie\.p2\pool\plugins\org.junit.vintage.engine_5.4.0.v20190212-2109.jar;C:\Users\dovie\.p2\pool\plugins\org.opentest4j_1.1.1.v20190212-2109.jar;C:\Users\dovie\.p2\pool\plugins\org.apiguardian_1.0.0.v20190212-2109.jar;C:\Users\dovie\.p2\pool\plugins\org.junit_4.12.0.v201504281640\junit.jar;C:\Users\dovie\.p2\pool\plugins\org.hamcrest.core_1.3.0.v20180420-1519.jar;C:\Users\dovie\eclipse\committers-2019-06\eclipse\configuration\org.eclipse.osgi\241\0\.cp;C:\Users\dovie\eclipse\committers-2019-06\eclipse\configuration\org.eclipse.osgi\239\0\.cp
Launcher Type: SUN_STANDARD

[Global flags]
     intx CICompilerCount                          = 4                                         {product} {ergonomic}
     uint ConcGCThreads                            = 3                                         {product} {ergonomic}
     uint G1ConcRefinementThreads                  = 10                                        {product} {ergonomic}
   size_t G1HeapRegionSize                         = 1048576                                   {product} {ergonomic}
    uintx GCDrainStackTargetSize                   = 64                                        {product} {ergonomic}
   size_t InitialHeapSize                          = 268435456                                 {product} {ergonomic}
   size_t MarkStackSize                            = 4194304                                   {product} {ergonomic}
   size_t MaxHeapSize                              = 4273995776                                {product} {ergonomic}
   size_t MaxNewSize                               = 2563768320                                {product} {ergonomic}
   size_t MinHeapDeltaBytes                        = 1048576                                   {product} {ergonomic}
    uintx NonNMethodCodeHeapSize                   = 5836300                                {pd product} {ergonomic}
    uintx NonProfiledCodeHeapSize                  = 122910970                              {pd product} {ergonomic}
    uintx ProfiledCodeHeapSize                     = 122910970                              {pd product} {ergonomic}
    uintx ReservedCodeCacheSize                    = 251658240                              {pd product} {ergonomic}
     bool SegmentedCodeCache                       = true                                      {product} {ergonomic}
     bool UseCompressedClassPointers               = true                                 {lp64_product} {ergonomic}
     bool UseCompressedOops                        = true                                 {lp64_product} {ergonomic}
     bool UseG1GC                                  = true                                      {product} {ergonomic}
     bool UseLargePagesIndividualAllocation        = false                                  {pd product} {ergonomic}

Logging:
Log output configuration:
 #0: stdout all=warning uptime,level,tags
 #1: stderr all=off uptime,level,tags

Environment Variables:
PATH=C:/Program Files/Java/jdk-12.0.2/bin/server;C:/Program Files/Java/jdk-12.0.2/bin;C:\Windows\system32;C:\Windows;C:\Windows\System32\Wbem;C:\Windows\System32\WindowsPowerShell\v1.0\;C:\Windows\System32\OpenSSH\;C:\Program Files (x86)\NVIDIA Corporation\PhysX\Common;C:\Program Files\NVIDIA Corporation\NVIDIA NGX;C:\Program Files\NVIDIA Corporation\NVIDIA NvDLISR;C:\Program Files\Git\cmd;C:\Users\dovie\AppData\Local\Microsoft\WindowsApps;C:\Users\dovie\AppData\Local\Programs\Microsoft VS Code\bin;C:\Users\dovie\AppData\Local\atom\bin;C:\Program Files\Git;;C:\Users\dovie\OneDrive\Desktop;
USERNAME=dovie
OS=Windows_NT
PROCESSOR_IDENTIFIER=Intel64 Family 6 Model 158 Stepping 10, GenuineIntel



---------------  S Y S T E M  ---------------

OS: Windows 10 , 64 bit Build 17763 (10.0.17763.292)

CPU:total 12 (initial active 12) (6 cores per cpu, 2 threads per core) family 6 model 158 stepping 10, cmov, cx8, fxsr, mmx, sse, sse2, sse3, ssse3, sse4.1, sse4.2, popcnt, avx, avx2, aes, clmul, erms, 3dnowpref, lzcnt, ht, tsc, tscinvbit, bmi1, bmi2, adx, fma

Memory: 4k page, system-wide physical 16303M (8944M free)
TotalPageFile size 18735M (AvailPageFile size 7521M)
current process WorkingSet (physical memory assigned to process): 76M, peak: 119M
current process commit charge ("private bytes"): 367M, peak: 412M

vm_info: Java HotSpot(TM) 64-Bit Server VM (12.0.2+10) for windows-amd64 JRE (12.0.2+10), built on Jul 16 2019 01:56:17 by "mach5one" with MS VC++ 15.5 (VS2017)

END.
